<?xml version="1.0" encoding="UTF-8"?>
<!-- Generated by org.testng.reporters.JUnitXMLReporter -->
<testsuite ignored="0" hostname="apples-MacBook-Air.local" failures="0" tests="3" name="Test2" time="11.534" errors="0" timestamp="2023-10-30T10:43:01 IST">
  <testcase classname="TestLeaf.Authentication" name="setup" time="4.357"/>
  <testcase classname="TestLeaf.Authentication" name="aut" time="6.922"/>
  <testcase classname="TestLeaf.Authentication" name="closebrowser" time="0.246"/>
</testsuite> <!-- Test2 -->
