<?xml version="1.0" encoding="UTF-8"?>
<!-- Generated by org.testng.reporters.JUnitXMLReporter -->
<testsuite ignored="1" hostname="apples-MacBook-Air.local" failures="0" tests="2" name="Test" time="23.142" errors="0" timestamp="2023-11-01T12:11:35 IST">
  <testcase classname="KSRTC_Functionality.KSRTC_Login" name="setup" time="21.69"/>
  <testcase classname="KSRTC_Functionality.KSRTC_Login" name="login" time="1.395"/>
  <testcase classname="KSRTC_Functionality.KSRTC_Login" name="teardown" time="0.0">
    <ignored/>
  </testcase> <!-- teardown -->
</testsuite> <!-- Test -->
