<?xml version="1.0" encoding="UTF-8"?>
<!-- Generated by org.testng.reporters.JUnitXMLReporter -->
<testsuite ignored="1" hostname="apples-MacBook-Air.local" failures="0" tests="2" name="Test" time="25.811" errors="0" timestamp="2023-11-08T14:03:50 IST">
  <testcase classname="KSRTC_Functionality.KSRTC_Login" name="setup" time="24.518"/>
  <testcase classname="KSRTC_Functionality.KSRTC_Login" name="login" time="1.203"/>
  <testcase classname="KSRTC_Functionality.KSRTC_Login" name="teardown" time="0.0">
    <ignored/>
  </testcase> <!-- teardown -->
</testsuite> <!-- Test -->
