<?xml version="1.0" encoding="UTF-8"?>
<testng-results ignored="0" total="26" passed="25" failed="1" skipped="0">
  <reporter-output>
  </reporter-output>
  <suite started-at="2023-11-08T14:03:19 IST" name="Suite" finished-at="2023-11-08T14:03:45 IST" duration-ms="25811">
    <groups>
    </groups>
    <test started-at="2023-11-08T14:03:19 IST" name="Test" finished-at="2023-11-08T14:03:45 IST" duration-ms="25811">
      <class name="KSRTC_Functionality.KSRTC_Login">
        <test-method signature="setup()[pri:0, instance:KSRTC_Functionality.KSRTC_Login@1198b989]" started-at="2023-11-08T14:03:19 IST" name="setup" finished-at="2023-11-08T14:03:44 IST" duration-ms="24518" status="PASS">
          <reporter-output>
          </reporter-output>
        </test-method> <!-- setup -->
        <test-method signature="login()[pri:0, instance:KSRTC_Functionality.KSRTC_Login@1198b989]" started-at="2023-11-08T14:03:44 IST" name="login" finished-at="2023-11-08T14:03:45 IST" duration-ms="1203" status="PASS">
          <reporter-output>
          </reporter-output>
        </test-method> <!-- login -->
      </class> <!-- KSRTC_Functionality.KSRTC_Login -->
    </test> <!-- Test -->
  </suite> <!-- Suite -->
  <suite started-at="2023-11-08T14:05:42 IST" name="Suite (1)" finished-at="2023-11-08T14:06:07 IST" duration-ms="24870">
    <groups>
    </groups>
    <test started-at="2023-11-08T14:05:42 IST" name="Test1" finished-at="2023-11-08T14:06:07 IST" duration-ms="24870">
      <class name="ToolsQA.Elements">
        <test-method signature="setup()[pri:0, instance:ToolsQA.Elements@1c93084c]" started-at="2023-11-08T14:05:42 IST" name="setup" finished-at="2023-11-08T14:06:05 IST" duration-ms="23692" status="PASS">
          <reporter-output>
          </reporter-output>
        </test-method> <!-- setup -->
        <test-method signature="Elements1()[pri:0, instance:ToolsQA.Elements@1c93084c]" started-at="2023-11-08T14:06:05 IST" name="Elements1" finished-at="2023-11-08T14:06:07 IST" duration-ms="1164" status="FAIL">
          <exception class="org.openqa.selenium.ElementClickInterceptedException">
            <message>
              <![CDATA[element click intercepted: Element <div class="card mt-4 top-card">...</div> is not clickable at point (148, 555). Other element would receive the click: <div id="fixedban" style="width:100%;margin:auto;text-align:center;float:none;overflow:hidden;display:scroll;position:fixed;bottom:0;z-index:9999999">...</div>
  (Session info: chrome=119.0.6045.105)
Build info: version: '4.14.0', revision: 'e5a96349ce'
System info: os.name: 'Mac OS X', os.arch: 'x86_64', os.version: '12.7.1', java.version: '21.0.1'
Driver info: org.openqa.selenium.chrome.ChromeDriver
Command: [3bc5d25067de3dd7d53234d26fbbed66, clickElement {id=85CFA0EB2EA1F30EA2E8BC703D47E798_element_7}]
Capabilities {acceptInsecureCerts: false, browserName: chrome, browserVersion: 119.0.6045.105, chrome: {chromedriverVersion: 119.0.6045.105 (38c72552c5e..., userDataDir: /var/folders/42/xlw21rms3nd...}, fedcm:accounts: true, goog:chromeOptions: {debuggerAddress: localhost:50504}, networkConnectionEnabled: false, pageLoadStrategy: normal, platformName: mac, proxy: Proxy(), se:cdp: ws://localhost:50504/devtoo..., se:cdpVersion: 119.0.6045.105, setWindowRect: true, strictFileInteractability: false, timeouts: {implicit: 0, pageLoad: 300000, script: 30000}, unhandledPromptBehavior: dismiss and notify, webauthn:extension:credBlob: true, webauthn:extension:largeBlob: true, webauthn:extension:minPinLength: true, webauthn:extension:prf: true, webauthn:virtualAuthenticators: true}
Element: [[ChromeDriver: chrome on mac (3bc5d25067de3dd7d53234d26fbbed66)] -> xpath: //*[@id="app"]/div/div/div[2]/div/div[1]]
Session ID: 3bc5d25067de3dd7d53234d26fbbed66]]>
            </message>
            <full-stacktrace>
              <![CDATA[org.openqa.selenium.ElementClickInterceptedException: element click intercepted: Element <div class="card mt-4 top-card">...</div> is not clickable at point (148, 555). Other element would receive the click: <div id="fixedban" style="width:100%;margin:auto;text-align:center;float:none;overflow:hidden;display:scroll;position:fixed;bottom:0;z-index:9999999">...</div>
  (Session info: chrome=119.0.6045.105)
Build info: version: '4.14.0', revision: 'e5a96349ce'
System info: os.name: 'Mac OS X', os.arch: 'x86_64', os.version: '12.7.1', java.version: '21.0.1'
Driver info: org.openqa.selenium.chrome.ChromeDriver
Command: [3bc5d25067de3dd7d53234d26fbbed66, clickElement {id=85CFA0EB2EA1F30EA2E8BC703D47E798_element_7}]
Capabilities {acceptInsecureCerts: false, browserName: chrome, browserVersion: 119.0.6045.105, chrome: {chromedriverVersion: 119.0.6045.105 (38c72552c5e..., userDataDir: /var/folders/42/xlw21rms3nd...}, fedcm:accounts: true, goog:chromeOptions: {debuggerAddress: localhost:50504}, networkConnectionEnabled: false, pageLoadStrategy: normal, platformName: mac, proxy: Proxy(), se:cdp: ws://localhost:50504/devtoo..., se:cdpVersion: 119.0.6045.105, setWindowRect: true, strictFileInteractability: false, timeouts: {implicit: 0, pageLoad: 300000, script: 30000}, unhandledPromptBehavior: dismiss and notify, webauthn:extension:credBlob: true, webauthn:extension:largeBlob: true, webauthn:extension:minPinLength: true, webauthn:extension:prf: true, webauthn:virtualAuthenticators: true}
Element: [[ChromeDriver: chrome on mac (3bc5d25067de3dd7d53234d26fbbed66)] -> xpath: //*[@id="app"]/div/div/div[2]/div/div[1]]
Session ID: 3bc5d25067de3dd7d53234d26fbbed66
at java.base/jdk.internal.reflect.DirectConstructorHandleAccessor.newInstance(DirectConstructorHandleAccessor.java:62)
at java.base/java.lang.reflect.Constructor.newInstanceWithCaller(Constructor.java:502)
at java.base/java.lang.reflect.Constructor.newInstance(Constructor.java:486)
at org.openqa.selenium.remote.codec.w3c.W3CHttpResponseCodec.createException(W3CHttpResponseCodec.java:200)
at org.openqa.selenium.remote.codec.w3c.W3CHttpResponseCodec.decode(W3CHttpResponseCodec.java:133)
at org.openqa.selenium.remote.codec.w3c.W3CHttpResponseCodec.decode(W3CHttpResponseCodec.java:52)
at org.openqa.selenium.remote.HttpCommandExecutor.execute(HttpCommandExecutor.java:191)
at org.openqa.selenium.remote.service.DriverCommandExecutor.invokeExecute(DriverCommandExecutor.java:196)
at org.openqa.selenium.remote.service.DriverCommandExecutor.execute(DriverCommandExecutor.java:171)
at org.openqa.selenium.remote.RemoteWebDriver.execute(RemoteWebDriver.java:602)
at org.openqa.selenium.remote.RemoteWebElement.execute(RemoteWebElement.java:224)
at org.openqa.selenium.remote.RemoteWebElement.click(RemoteWebElement.java:77)
at ToolsQA.Elements.Elements1(Elements.java:29)
at java.base/jdk.internal.reflect.DirectMethodHandleAccessor.invoke(DirectMethodHandleAccessor.java:103)
at java.base/java.lang.reflect.Method.invoke(Method.java:580)
at org.testng.internal.invokers.MethodInvocationHelper.invokeMethod(MethodInvocationHelper.java:139)
at org.testng.internal.invokers.TestInvoker.invokeMethod(TestInvoker.java:664)
at org.testng.internal.invokers.TestInvoker.invokeTestMethod(TestInvoker.java:227)
at org.testng.internal.invokers.MethodRunner.runInSequence(MethodRunner.java:50)
at org.testng.internal.invokers.TestInvoker$MethodInvocationAgent.invoke(TestInvoker.java:957)
at org.testng.internal.invokers.TestInvoker.invokeTestMethods(TestInvoker.java:200)
at org.testng.internal.invokers.TestMethodWorker.invokeTestMethods(TestMethodWorker.java:148)
at org.testng.internal.invokers.TestMethodWorker.run(TestMethodWorker.java:128)
at java.base/java.util.ArrayList.forEach(ArrayList.java:1596)
at org.testng.TestRunner.privateRun(TestRunner.java:848)
at org.testng.TestRunner.run(TestRunner.java:621)
at org.testng.SuiteRunner.runTest(SuiteRunner.java:443)
at org.testng.SuiteRunner.runSequentially(SuiteRunner.java:437)
at org.testng.SuiteRunner.privateRun(SuiteRunner.java:397)
at org.testng.SuiteRunner.run(SuiteRunner.java:336)
at org.testng.SuiteRunnerWorker.runSuite(SuiteRunnerWorker.java:52)
at org.testng.SuiteRunnerWorker.run(SuiteRunnerWorker.java:95)
at org.testng.TestNG.runSuitesSequentially(TestNG.java:1280)
at org.testng.TestNG.runSuitesLocally(TestNG.java:1200)
at org.testng.TestNG.runSuites(TestNG.java:1114)
at org.testng.TestNG.run(TestNG.java:1082)
at org.apache.maven.surefire.testng.TestNGExecutor.run(TestNGExecutor.java:308)
at org.apache.maven.surefire.testng.TestNGXmlTestSuite.execute(TestNGXmlTestSuite.java:71)
at org.apache.maven.surefire.testng.TestNGProvider.invoke(TestNGProvider.java:113)
at org.apache.maven.surefire.booter.ForkedBooter.runSuitesInProcess(ForkedBooter.java:385)
at org.apache.maven.surefire.booter.ForkedBooter.execute(ForkedBooter.java:162)
at org.apache.maven.surefire.booter.ForkedBooter.run(ForkedBooter.java:507)
at org.apache.maven.surefire.booter.ForkedBooter.main(ForkedBooter.java:495)
]]>
            </full-stacktrace>
          </exception> <!-- org.openqa.selenium.ElementClickInterceptedException -->
          <reporter-output>
          </reporter-output>
        </test-method> <!-- Elements1 -->
      </class> <!-- ToolsQA.Elements -->
    </test> <!-- Test1 -->
  </suite> <!-- Suite (1) -->
  <suite started-at="2023-11-08T14:03:50 IST" name="Suite (0)" finished-at="2023-11-08T14:05:37 IST" duration-ms="106737">
    <groups>
    </groups>
    <test started-at="2023-11-08T14:03:50 IST" name="Test" finished-at="2023-11-08T14:03:55 IST" duration-ms="5231">
      <class name="TestLeaf.Frames">
        <test-method signature="setup()[pri:0, instance:TestLeaf.Frames@5276e6b0]" started-at="2023-11-08T14:03:50 IST" name="setup" finished-at="2023-11-08T14:03:54 IST" duration-ms="4409" status="PASS">
          <reporter-output>
          </reporter-output>
        </test-method> <!-- setup -->
        <test-method signature="frame1()[pri:0, instance:TestLeaf.Frames@5276e6b0]" started-at="2023-11-08T14:03:54 IST" name="frame1" finished-at="2023-11-08T14:03:55 IST" duration-ms="237" status="PASS">
          <reporter-output>
          </reporter-output>
        </test-method> <!-- frame1 -->
        <test-method signature="frame2()[pri:0, instance:TestLeaf.Frames@5276e6b0]" started-at="2023-11-08T14:03:55 IST" name="frame2" finished-at="2023-11-08T14:03:55 IST" duration-ms="288" status="PASS">
          <reporter-output>
          </reporter-output>
        </test-method> <!-- frame2 -->
        <test-method signature="frame3()[pri:0, instance:TestLeaf.Frames@5276e6b0]" started-at="2023-11-08T14:03:55 IST" name="frame3" finished-at="2023-11-08T14:03:55 IST" duration-ms="44" status="PASS">
          <reporter-output>
          </reporter-output>
        </test-method> <!-- frame3 -->
        <test-method signature="closebrowser()[pri:0, instance:TestLeaf.Frames@5276e6b0]" started-at="2023-11-08T14:03:55 IST" name="closebrowser" finished-at="2023-11-08T14:03:55 IST" duration-ms="243" status="PASS">
          <reporter-output>
          </reporter-output>
        </test-method> <!-- closebrowser -->
      </class> <!-- TestLeaf.Frames -->
    </test> <!-- Test -->
    <test started-at="2023-11-08T14:04:00 IST" name="Test2" finished-at="2023-11-08T14:04:12 IST" duration-ms="12213">
      <class name="TestLeaf.Authentication">
        <test-method signature="setup()[pri:0, instance:TestLeaf.Authentication@159f197]" started-at="2023-11-08T14:04:00 IST" name="setup" finished-at="2023-11-08T14:04:05 IST" duration-ms="4738" status="PASS">
          <reporter-output>
          </reporter-output>
        </test-method> <!-- setup -->
        <test-method signature="aut()[pri:0, instance:TestLeaf.Authentication@159f197]" started-at="2023-11-08T14:04:05 IST" name="aut" finished-at="2023-11-08T14:04:12 IST" duration-ms="7163" status="PASS">
          <reporter-output>
          </reporter-output>
        </test-method> <!-- aut -->
        <test-method signature="closebrowser()[pri:0, instance:TestLeaf.Authentication@159f197]" started-at="2023-11-08T14:04:12 IST" name="closebrowser" finished-at="2023-11-08T14:04:12 IST" duration-ms="302" status="PASS">
          <reporter-output>
          </reporter-output>
        </test-method> <!-- closebrowser -->
      </class> <!-- TestLeaf.Authentication -->
    </test> <!-- Test2 -->
    <test started-at="2023-11-08T14:04:17 IST" name="Test3" finished-at="2023-11-08T14:04:35 IST" duration-ms="17181">
      <class name="TestLeaf.Alert">
        <test-method signature="setup()[pri:0, instance:TestLeaf.Alert@7c469c48]" started-at="2023-11-08T14:04:17 IST" name="setup" finished-at="2023-11-08T14:04:21 IST" duration-ms="4006" status="PASS">
          <reporter-output>
          </reporter-output>
        </test-method> <!-- setup -->
        <test-method signature="simplealert()[pri:0, instance:TestLeaf.Alert@7c469c48]" started-at="2023-11-08T14:04:21 IST" name="simplealert" finished-at="2023-11-08T14:04:34 IST" duration-ms="12956" status="PASS">
          <reporter-output>
          </reporter-output>
        </test-method> <!-- simplealert -->
        <test-method signature="closebrowser()[pri:0, instance:TestLeaf.Alert@7c469c48]" started-at="2023-11-08T14:04:34 IST" name="closebrowser" finished-at="2023-11-08T14:04:35 IST" duration-ms="212" status="PASS">
          <reporter-output>
          </reporter-output>
        </test-method> <!-- closebrowser -->
      </class> <!-- TestLeaf.Alert -->
    </test> <!-- Test3 -->
    <test started-at="2023-11-08T14:04:40 IST" name="Test4" finished-at="2023-11-08T14:04:46 IST" duration-ms="6546">
      <class name="TestLeaf.TextBox">
        <test-method signature="setup()[pri:0, instance:TestLeaf.TextBox@6ac13091]" started-at="2023-11-08T14:04:40 IST" name="setup" finished-at="2023-11-08T14:04:44 IST" duration-ms="4382" status="PASS">
          <reporter-output>
          </reporter-output>
        </test-method> <!-- setup -->
        <test-method signature="textbox()[pri:0, instance:TestLeaf.TextBox@6ac13091]" started-at="2023-11-08T14:04:44 IST" name="textbox" finished-at="2023-11-08T14:04:46 IST" duration-ms="1995" status="PASS">
          <reporter-output>
          </reporter-output>
        </test-method> <!-- textbox -->
        <test-method signature="closebrowser()[pri:0, instance:TestLeaf.TextBox@6ac13091]" started-at="2023-11-08T14:04:46 IST" name="closebrowser" finished-at="2023-11-08T14:04:46 IST" duration-ms="161" status="PASS">
          <reporter-output>
          </reporter-output>
        </test-method> <!-- closebrowser -->
      </class> <!-- TestLeaf.TextBox -->
    </test> <!-- Test4 -->
    <test started-at="2023-11-08T14:04:51 IST" name="Test5" finished-at="2023-11-08T14:05:06 IST" duration-ms="14435">
      <class name="TestLeaf.Window">
        <test-method is-config="true" signature="setup()[pri:0, instance:TestLeaf.Window@78e117e3]" started-at="2023-11-08T14:04:51 IST" name="setup" finished-at="2023-11-08T14:04:55 IST" duration-ms="4146" status="PASS">
          <reporter-output>
          </reporter-output>
        </test-method> <!-- setup -->
        <test-method signature="window1()[pri:1, instance:TestLeaf.Window@78e117e3]" started-at="2023-11-08T14:04:55 IST" name="window1" finished-at="2023-11-08T14:05:03 IST" duration-ms="8090" status="PASS">
          <reporter-output>
          </reporter-output>
        </test-method> <!-- window1 -->
        <test-method signature="window3()[pri:2, instance:TestLeaf.Window@78e117e3]" started-at="2023-11-08T14:05:03 IST" name="window3" finished-at="2023-11-08T14:05:05 IST" duration-ms="1920" status="PASS">
          <reporter-output>
          </reporter-output>
        </test-method> <!-- window3 -->
        <test-method is-config="true" signature="closebrowser()[pri:0, instance:TestLeaf.Window@78e117e3]" started-at="2023-11-08T14:05:05 IST" name="closebrowser" finished-at="2023-11-08T14:05:06 IST" duration-ms="272" status="PASS">
          <reporter-output>
          </reporter-output>
        </test-method> <!-- closebrowser -->
      </class> <!-- TestLeaf.Window -->
    </test> <!-- Test5 -->
    <test started-at="2023-11-08T14:05:11 IST" name="Test6" finished-at="2023-11-08T14:05:21 IST" duration-ms="10300">
      <class name="TestLeaf.Button">
        <test-method signature="b1()[pri:0, instance:TestLeaf.Button@1184ab05]" started-at="2023-11-08T14:05:11 IST" name="b1" finished-at="2023-11-08T14:05:14 IST" duration-ms="3872" status="PASS">
          <reporter-output>
          </reporter-output>
        </test-method> <!-- b1 -->
        <test-method signature="button()[pri:0, instance:TestLeaf.Button@1184ab05]" started-at="2023-11-08T14:05:14 IST" name="button" finished-at="2023-11-08T14:05:21 IST" duration-ms="6247" status="PASS">
          <reporter-output>
          </reporter-output>
        </test-method> <!-- button -->
        <test-method signature="closebrowser()[pri:0, instance:TestLeaf.Button@1184ab05]" started-at="2023-11-08T14:05:21 IST" name="closebrowser" finished-at="2023-11-08T14:05:21 IST" duration-ms="170" status="PASS">
          <reporter-output>
          </reporter-output>
        </test-method> <!-- closebrowser -->
      </class> <!-- TestLeaf.Button -->
    </test> <!-- Test6 -->
    <test started-at="2023-11-08T14:05:26 IST" name="Test7" finished-at="2023-11-08T14:05:37 IST" duration-ms="10781">
      <class name="TestLeaf.Draggable">
        <test-method signature="b1()[pri:0, instance:TestLeaf.Draggable@6af93788]" started-at="2023-11-08T14:05:26 IST" name="b1" finished-at="2023-11-08T14:05:30 IST" duration-ms="3822" status="PASS">
          <reporter-output>
          </reporter-output>
        </test-method> <!-- b1 -->
        <test-method signature="drag1()[pri:0, instance:TestLeaf.Draggable@6af93788]" started-at="2023-11-08T14:05:30 IST" name="drag1" finished-at="2023-11-08T14:05:36 IST" duration-ms="6746" status="PASS">
          <reporter-output>
          </reporter-output>
        </test-method> <!-- drag1 -->
        <test-method signature="closebrowser()[pri:0, instance:TestLeaf.Draggable@6af93788]" started-at="2023-11-08T14:05:36 IST" name="closebrowser" finished-at="2023-11-08T14:05:37 IST" duration-ms="210" status="PASS">
          <reporter-output>
          </reporter-output>
        </test-method> <!-- closebrowser -->
      </class> <!-- TestLeaf.Draggable -->
    </test> <!-- Test7 -->
  </suite> <!-- Suite (0) -->
</testng-results>
