<?xml version="1.0" encoding="UTF-8"?>
<!-- Generated by org.testng.reporters.JUnitXMLReporter -->
<testsuite ignored="2" hostname="apples-MacBook-Air.local" failures="0" tests="2" name="Test5" time="14.435" errors="0" timestamp="2023-11-08T14:05:11 IST">
  <testcase classname="TestLeaf.Window" name="window1" time="8.09"/>
  <testcase classname="TestLeaf.Window" name="window3" time="1.92"/>
  <testcase classname="TestLeaf.Window" name="Window4" time="0.0">
    <ignored/>
  </testcase> <!-- Window4 -->
  <testcase classname="TestLeaf.Window" name="window2" time="0.0">
    <ignored/>
  </testcase> <!-- window2 -->
</testsuite> <!-- Test5 -->
