<?xml version="1.0" encoding="UTF-8"?>
<!-- Generated by org.testng.reporters.JUnitXMLReporter -->
<testsuite ignored="0" hostname="apples-MacBook-Air.local" failures="0" tests="3" name="Test7" time="10.781" errors="0" timestamp="2023-11-08T14:05:42 IST">
  <testcase classname="TestLeaf.Draggable" name="b1" time="3.822"/>
  <testcase classname="TestLeaf.Draggable" name="drag1" time="6.746"/>
  <testcase classname="TestLeaf.Draggable" name="closebrowser" time="0.21"/>
</testsuite> <!-- Test7 -->
