<?xml version="1.0" encoding="UTF-8"?>
<!-- Generated by org.testng.reporters.JUnitXMLReporter -->
<testsuite ignored="0" hostname="apples-MacBook-Air.local" failures="0" tests="3" name="Test2" time="12.213" errors="0" timestamp="2023-11-08T14:04:17 IST">
  <testcase classname="TestLeaf.Authentication" name="setup" time="4.738"/>
  <testcase classname="TestLeaf.Authentication" name="aut" time="7.163"/>
  <testcase classname="TestLeaf.Authentication" name="closebrowser" time="0.302"/>
</testsuite> <!-- Test2 -->
