<?xml version="1.0" encoding="UTF-8"?>
<!-- Generated by org.testng.reporters.JUnitXMLReporter -->
<testsuite ignored="0" hostname="apples-MacBook-Air.local" failures="0" tests="5" name="Test" time="5.231" errors="0" timestamp="2023-11-08T14:04:00 IST">
  <testcase classname="TestLeaf.Frames" name="setup" time="4.409"/>
  <testcase classname="TestLeaf.Frames" name="frame1" time="0.237"/>
  <testcase classname="TestLeaf.Frames" name="frame2" time="0.288"/>
  <testcase classname="TestLeaf.Frames" name="frame3" time="0.044"/>
  <testcase classname="TestLeaf.Frames" name="closebrowser" time="0.243"/>
</testsuite> <!-- Test -->
