<?xml version="1.0" encoding="UTF-8"?>
<testng-results ignored="1" total="3" passed="2" failed="0" skipped="0">
  <reporter-output>
  </reporter-output>
  <suite started-at="2023-11-01T12:11:06 IST" name="Suite" finished-at="2023-11-01T12:11:30 IST" duration-ms="23142">
    <groups>
    </groups>
    <test started-at="2023-11-01T12:11:06 IST" name="Test" finished-at="2023-11-01T12:11:30 IST" duration-ms="23142">
      <class name="KSRTC_Functionality.KSRTC_Login">
        <test-method signature="setup()[pri:0, instance:KSRTC_Functionality.KSRTC_Login@60dcc9fe]" started-at="2023-11-01T12:11:06 IST" name="setup" finished-at="2023-11-01T12:11:28 IST" duration-ms="21690" status="PASS">
          <reporter-output>
          </reporter-output>
        </test-method> <!-- setup -->
        <test-method signature="login()[pri:0, instance:KSRTC_Functionality.KSRTC_Login@60dcc9fe]" started-at="2023-11-01T12:11:28 IST" name="login" finished-at="2023-11-01T12:11:30 IST" duration-ms="1395" status="PASS">
          <reporter-output>
          </reporter-output>
        </test-method> <!-- login -->
      </class> <!-- KSRTC_Functionality.KSRTC_Login -->
    </test> <!-- Test -->
  </suite> <!-- Suite -->
</testng-results>
